<?xml version="1.0" encoding="UTF-8"?><testsuite errors="1" failures="0" name="Comprar producto exito" skipped="0" tests="1" time="87.74" timestamp="2023-04-01 08:56:53"><testcase name="Comprar producto exito"><error message="Cannot locate an element using xpath=(//strong[normalize-space()='Detalles de tu compra'])[1]&#10;For documentation on this error, please visit: https://www.seleniumhq.org/exceptions/no_such_element.html&#10;Build info: version: '3.141.59', revision: 'e82be7d358', time: '2018-11-14T08:17:03'&#10;System info: host: 'LAPTOP-DPVG4GA8', ip: '192.168.1.38', os.name: 'Windows 11', os.arch: 'amd64', os.version: '10.0', java.version: '11.0.18'&#10;Driver info: driver.version: RemoteWebDriver" type="java.lang.AssertionError">Cannot locate an element using xpath=(//strong[normalize-space()='Detalles de tu compra'])[1]
For documentation on this error, please visit: https://www.seleniumhq.org/exceptions/no_such_element.html
Build info: version: '3.141.59', revision: 'e82be7d358', time: '2018-11-14T08:17:03'
System info: host: 'LAPTOP-DPVG4GA8', ip: '192.168.1.38', os.name: 'Windows 11', os.arch: 'amd64', os.version: '10.0', java.version: '11.0.18'
Driver info: driver.version: RemoteWebDriver</error><system-err>Cannot locate an element using xpath=(//strong[normalize-space()='Detalles de tu compra'])[1]
For documentation on this error, please visit: https://www.seleniumhq.org/exceptions/no_such_element.html
Build info: version: '3.141.59', revision: 'e82be7d358', time: '2018-11-14T08:17:03'
System info: host: 'LAPTOP-DPVG4GA8', ip: '192.168.1.38', os.name: 'Windows 11', os.arch: 'amd64', os.version: '10.0', java.version: '11.0.18'
Driver info: driver.version: RemoteWebDriver&#13;
com.sofkau.stepdefinitions.CompraProductoStepDefinition.se_deberia_observar_el_producto_seleccionado_en_el_carrito_de_compras(CompraProductoStepDefinition.java:150)&#13;
âœ½.Se deberia observar el producto seleccionado en el carrito de compras(file:///C:/Users/pc/Documents/ProyectoScreenPlayExito/src/test/resources/features/comprarproducto.feature:10)&#13;
</system-err></testcase></testsuite>